  Game.cpp
  AggressiveMonster.cpp
C:\Users\akhme\source\repos\SFML_GameCpp\SFML_GameCpp\entities\Entity.h(24,16): error C2535: void Entity::draw(sf::RenderWindow &): функция-член уже определена или объявлена
  (компиляция исходного файла "core/Game.cpp")
      C:\Users\akhme\source\repos\SFML_GameCpp\SFML_GameCpp\entities\Entity.h(21,16):
       см. объявление "Entity::draw"
  
C:\Users\akhme\source\repos\SFML_GameCpp\SFML_GameCpp\entities\Entity.h(24,16): error C2535: void Entity::draw(sf::RenderWindow &): функция-член уже определена или объявлена
  (компиляция исходного файла "entities/AggressiveMonster.cpp")
      C:\Users\akhme\source\repos\SFML_GameCpp\SFML_GameCpp\entities\Entity.h(21,16):
       см. объявление "Entity::draw"
  
C:\Users\akhme\source\repos\SFML_GameCpp\SFML_GameCpp\entities\AggressiveMonster.h(8,8): error C3668: AggressiveMonster::update: метод со спецификатором переопределения "override" не переопределяет какие-либо методы базового класса
  (компиляция исходного файла "entities/AggressiveMonster.cpp")
  
  PassiveMonster.cpp
C:\Users\akhme\source\repos\SFML_GameCpp\SFML_GameCpp\entities\Entity.h(24,16): error C2535: void Entity::draw(sf::RenderWindow &): функция-член уже определена или объявлена
  (компиляция исходного файла "entities/PassiveMonster.cpp")
      C:\Users\akhme\source\repos\SFML_GameCpp\SFML_GameCpp\entities\Entity.h(21,16):
       см. объявление "Entity::draw"
  
C:\Users\akhme\source\repos\SFML_GameCpp\SFML_GameCpp\entities\PassiveMonster.h(8,8): error C3668: PassiveMonster::update: метод со спецификатором переопределения "override" не переопределяет какие-либо методы базового класса
  (компиляция исходного файла "entities/PassiveMonster.cpp")
  
  Player.cpp
C:\Users\akhme\source\repos\SFML_GameCpp\SFML_GameCpp\entities\Entity.h(24,16): error C2535: void Entity::draw(sf::RenderWindow &): функция-член уже определена или объявлена
  (компиляция исходного файла "entities/Player.cpp")
      C:\Users\akhme\source\repos\SFML_GameCpp\SFML_GameCpp\entities\Entity.h(21,16):
       см. объявление "Entity::draw"
  
C:\Users\akhme\source\repos\SFML_GameCpp\SFML_GameCpp\entities\Player.cpp(3,28): error C2512: Entity: нет подходящего конструктора по умолчанию
      C:\Users\akhme\source\repos\SFML_GameCpp\SFML_GameCpp\entities\Entity.h(7,7):
       см. объявление "Entity"
  
  GameOverState.cpp
C:\Users\akhme\source\repos\SFML_GameCpp\SFML_GameCpp\states\GameOverState.cpp(5,20): warning C4834: удаление возвращаемого значения функции с атрибутом [[nodiscard]]
  PlayState.cpp
C:\Users\akhme\source\repos\SFML_GameCpp\SFML_GameCpp\entities\Entity.h(24,16): error C2535: void Entity::draw(sf::RenderWindow &): функция-член уже определена или объявлена
  (компиляция исходного файла "states/PlayState.cpp")
      C:\Users\akhme\source\repos\SFML_GameCpp\SFML_GameCpp\entities\Entity.h(21,16):
       см. объявление "Entity::draw"
  
C:\Users\akhme\source\repos\SFML_GameCpp\SFML_GameCpp\entities\AggressiveMonster.h(8,8): error C3668: AggressiveMonster::update: метод со спецификатором переопределения "override" не переопределяет какие-либо методы базового класса
  (компиляция исходного файла "states/PlayState.cpp")
  
C:\Users\akhme\source\repos\SFML_GameCpp\SFML_GameCpp\entities\PassiveMonster.h(8,8): error C3668: PassiveMonster::update: метод со спецификатором переопределения "override" не переопределяет какие-либо методы базового класса
  (компиляция исходного файла "states/PlayState.cpp")
  
C:\Users\akhme\source\repos\SFML_GameCpp\SFML_GameCpp\states\PlayState.cpp(10,12): error C2665: "std::vector<Monster *,std::allocator<Monster *>>::push_back": ни одна перегруженная функция не может преобразовать все типы аргументов
      C:\Program Files\Microsoft Visual Studio\2022\Community\VC\Tools\MSVC\14.44.35207\include\vector(936,23):
      может быть "void std::vector<Monster *,std::allocator<Monster *>>::push_back(_Ty &&)"
          with
          [
              _Ty=Monster *
          ]
          C:\Users\akhme\source\repos\SFML_GameCpp\SFML_GameCpp\states\PlayState.cpp(10,12):
          "void std::vector<Monster *,std::allocator<Monster *>>::push_back(_Ty &&)": невозможно преобразовать аргумент 1 из "AggressiveMonster *" в "_Ty &&"
          with
          [
              _Ty=Monster *
          ]
              C:\Users\akhme\source\repos\SFML_GameCpp\SFML_GameCpp\states\PlayState.cpp(10,43):
              Причина: невозможно преобразовать "AggressiveMonster *" в "_Ty"
          with
          [
              _Ty=Monster *
          ]
              C:\Users\akhme\source\repos\SFML_GameCpp\SFML_GameCpp\states\PlayState.cpp(10,43):
              Типы, на которые указывают указатели, не связаны; для преобразования требуется reinterpret_cast, приведение в стиле С или приведение в стиле функции в круглых скобках
      C:\Program Files\Microsoft Visual Studio\2022\Community\VC\Tools\MSVC\14.44.35207\include\vector(932,23):
      или       "void std::vector<Monster *,std::allocator<Monster *>>::push_back(const _Ty &)"
          with
          [
              _Ty=Monster *
          ]
          C:\Users\akhme\source\repos\SFML_GameCpp\SFML_GameCpp\states\PlayState.cpp(10,12):
          "void std::vector<Monster *,std::allocator<Monster *>>::push_back(const _Ty &)": невозможно преобразовать аргумент 1 из "AggressiveMonster *" в "const _Ty &"
          with
          [
              _Ty=Monster *
          ]
              C:\Users\akhme\source\repos\SFML_GameCpp\SFML_GameCpp\states\PlayState.cpp(10,43):
              Причина: невозможно преобразовать "AggressiveMonster *" в "const _Ty"
          with
          [
              _Ty=Monster *
          ]
              C:\Users\akhme\source\repos\SFML_GameCpp\SFML_GameCpp\states\PlayState.cpp(10,43):
              Типы, на которые указывают указатели, не связаны; для преобразования требуется reinterpret_cast, приведение в стиле С или приведение в стиле функции в круглых скобках
      C:\Users\akhme\source\repos\SFML_GameCpp\SFML_GameCpp\states\PlayState.cpp(10,12):
      при попытке сопоставить список аргументов "(AggressiveMonster *)"
  
C:\Users\akhme\source\repos\SFML_GameCpp\SFML_GameCpp\states\PlayState.cpp(11,12): error C2665: "std::vector<Monster *,std::allocator<Monster *>>::push_back": ни одна перегруженная функция не может преобразовать все типы аргументов
      C:\Program Files\Microsoft Visual Studio\2022\Community\VC\Tools\MSVC\14.44.35207\include\vector(936,23):
      может быть "void std::vector<Monster *,std::allocator<Monster *>>::push_back(_Ty &&)"
          with
          [
              _Ty=Monster *
          ]
          C:\Users\akhme\source\repos\SFML_GameCpp\SFML_GameCpp\states\PlayState.cpp(11,12):
          "void std::vector<Monster *,std::allocator<Monster *>>::push_back(_Ty &&)": невозможно преобразовать аргумент 1 из "PassiveMonster *" в "_Ty &&"
          with
          [
              _Ty=Monster *
          ]
              C:\Users\akhme\source\repos\SFML_GameCpp\SFML_GameCpp\states\PlayState.cpp(11,40):
              Причина: невозможно преобразовать "PassiveMonster *" в "_Ty"
          with
          [
              _Ty=Monster *
          ]
              C:\Users\akhme\source\repos\SFML_GameCpp\SFML_GameCpp\states\PlayState.cpp(11,40):
              Типы, на которые указывают указатели, не связаны; для преобразования требуется reinterpret_cast, приведение в стиле С или приведение в стиле функции в круглых скобках
      C:\Program Files\Microsoft Visual Studio\2022\Community\VC\Tools\MSVC\14.44.35207\include\vector(932,23):
      или       "void std::vector<Monster *,std::allocator<Monster *>>::push_back(const _Ty &)"
          with
          [
              _Ty=Monster *
          ]
          C:\Users\akhme\source\repos\SFML_GameCpp\SFML_GameCpp\states\PlayState.cpp(11,12):
          "void std::vector<Monster *,std::allocator<Monster *>>::push_back(const _Ty &)": невозможно преобразовать аргумент 1 из "PassiveMonster *" в "const _Ty &"
          with
          [
              _Ty=Monster *
          ]
              C:\Users\akhme\source\repos\SFML_GameCpp\SFML_GameCpp\states\PlayState.cpp(11,40):
              Причина: невозможно преобразовать "PassiveMonster *" в "const _Ty"
          with
          [
              _Ty=Monster *
          ]
              C:\Users\akhme\source\repos\SFML_GameCpp\SFML_GameCpp\states\PlayState.cpp(11,40):
              Типы, на которые указывают указатели, не связаны; для преобразования требуется reinterpret_cast, приведение в стиле С или приведение в стиле функции в круглых скобках
      C:\Users\akhme\source\repos\SFML_GameCpp\SFML_GameCpp\states\PlayState.cpp(11,12):
      при попытке сопоставить список аргументов "(PassiveMonster *)"
  
C:\Users\akhme\source\repos\SFML_GameCpp\SFML_GameCpp\states\PlayState.cpp(40,5): error C2027: использование неопределенного типа "Monster"
      C:\Users\akhme\source\repos\SFML_GameCpp\SFML_GameCpp\states\PlayState.h(12,7):
       см. объявление "Monster"
  
C:\Users\akhme\source\repos\SFML_GameCpp\SFML_GameCpp\states\PlayState.cpp(53,5): error C2027: использование неопределенного типа "Monster"
      C:\Users\akhme\source\repos\SFML_GameCpp\SFML_GameCpp\states\PlayState.h(12,7):
       см. объявление "Monster"
  
C:\Users\akhme\source\repos\SFML_GameCpp\SFML_GameCpp\states\PlayState.cpp(56,6): error C2664: "void UI::draw(Player &,sf::RenderWindow &)": невозможно преобразовать аргумент 1 из "sf::RenderWindow" в "Player &"
      C:\Users\akhme\source\repos\SFML_GameCpp\SFML_GameCpp\ui\UI.h(8,8):
       см. объявление "UI::draw"
      C:\Users\akhme\source\repos\SFML_GameCpp\SFML_GameCpp\states\PlayState.cpp(56,6):
      при попытке сопоставить список аргументов "(sf::RenderWindow, Player)"
  
  UI.cpp
C:\Users\akhme\source\repos\SFML_GameCpp\SFML_GameCpp\entities\Entity.h(24,16): error C2535: void Entity::draw(sf::RenderWindow &): функция-член уже определена или объявлена
  (компиляция исходного файла "ui/UI.cpp")
      C:\Users\akhme\source\repos\SFML_GameCpp\SFML_GameCpp\entities\Entity.h(21,16):
       см. объявление "Entity::draw"
  
  Создание кода...
